-- The C compiler identification is Clang 14.0.0
-- The CXX compiler identification is Clang 14.0.0
-- Detecting C compiler ABI info
-- Detecting C compiler ABI info - done
-- Check for working C compiler: /usr/bin/clang - skipped
-- Detecting C compile features
-- Detecting C compile features - done
-- Detecting CXX compiler ABI info
-- Detecting CXX compiler ABI info - done
-- Check for working CXX compiler: /usr/bin/clang++ - skipped
-- Detecting CXX compile features
-- Detecting CXX compile features - done
-- Found ament_cmake: 1.3.8 (/opt/ros/humble/share/ament_cmake/cmake)
-- Found Python3: /usr/bin/python3 (found version "3.10.12") found components: Interpreter 
-- Override CMake install command with custom implementation using symlinks instead of copying resources
-- Found ament_lint_auto: 0.12.10 (/opt/ros/humble/share/ament_lint_auto/cmake)
WARNING: Package name "SPOT" does not follow the naming conventions. It should start with a lower case letter and only contain lower case letters, digits, underscores, and dashes.
-- Added test 'copyright' to check source files copyright and LICENSE
-- Added test 'flake8' to check Python code syntax and style conventions
-- Added test 'lint_cmake' to check CMake code style
-- Added test 'pep257' to check Python code against some of the docstring style conventions in PEP 257
-- Added test 'xmllint' to check XML markup files
-- Configuring done
-- Generating done
-- Build files have been written to: /home/namsonpham/spot_ws/build/SPOT
-- Install configuration: ""
-- Execute custom install script
-- Symlinking: /home/namsonpham/spot_ws/install/SPOT/share/SPOT/config/empty.yaml
-- Symlinking: /home/namsonpham/spot_ws/install/SPOT/share/SPOT/description/robot.urdf.xacro
-- Symlinking: /home/namsonpham/spot_ws/install/SPOT/share/SPOT/launch/rsp.launch.py
-- Symlinking: /home/namsonpham/spot_ws/install/SPOT/share/SPOT/worlds/empty.world
-- Symlinking: /home/namsonpham/spot_ws/install/SPOT/share/ament_index/resource_index/package_run_dependencies/SPOT
-- Symlinking: /home/namsonpham/spot_ws/install/SPOT/share/ament_index/resource_index/parent_prefix_path/SPOT
-- Symlinking: /home/namsonpham/spot_ws/install/SPOT/share/SPOT/environment/ament_prefix_path.sh
-- Symlinking: /home/namsonpham/spot_ws/install/SPOT/share/SPOT/environment/ament_prefix_path.dsv
-- Symlinking: /home/namsonpham/spot_ws/install/SPOT/share/SPOT/environment/path.sh
-- Symlinking: /home/namsonpham/spot_ws/install/SPOT/share/SPOT/environment/path.dsv
-- Symlinking: /home/namsonpham/spot_ws/install/SPOT/share/SPOT/local_setup.bash
-- Symlinking: /home/namsonpham/spot_ws/install/SPOT/share/SPOT/local_setup.sh
-- Symlinking: /home/namsonpham/spot_ws/install/SPOT/share/SPOT/local_setup.zsh
-- Symlinking: /home/namsonpham/spot_ws/install/SPOT/share/SPOT/local_setup.dsv
-- Symlinking: /home/namsonpham/spot_ws/install/SPOT/share/SPOT/package.dsv
-- Symlinking: /home/namsonpham/spot_ws/install/SPOT/share/ament_index/resource_index/packages/SPOT
-- Symlinking: /home/namsonpham/spot_ws/install/SPOT/share/SPOT/cmake/SPOTConfig.cmake
-- Symlinking: /home/namsonpham/spot_ws/install/SPOT/share/SPOT/cmake/SPOTConfig-version.cmake
-- Symlinking: /home/namsonpham/spot_ws/install/SPOT/share/SPOT/package.xml
